<?xml version="1.0" encoding="UTF-8"?>
<coverage generated="1661999527843" clover="3.2.0">
  <project timestamp="1661999527843" name="All files">
    <metrics statements="17" coveredstatements="10" conditionals="0" coveredconditionals="0" methods="5" coveredmethods="1" elements="22" coveredelements="11" complexity="0" loc="17" ncloc="17" packages="1" files="1" classes="1"/>
    <file name="printOnDOM.js" path="D:\repos\module 2\block 5\homepage\Capstone-m2-APIs-baseapp-pokemon\src\modules\printOnDOM.js">
      <metrics statements="17" coveredstatements="10" conditionals="0" coveredconditionals="0" methods="5" coveredmethods="1"/>
      <line num="1" count="1" type="stmt"/>
      <line num="2" count="1" type="stmt"/>
      <line num="3" count="1" type="stmt"/>
      <line num="8" count="1" type="stmt"/>
      <line num="9" count="0" type="stmt"/>
      <line num="10" count="0" type="stmt"/>
      <line num="14" count="1" type="stmt"/>
      <line num="15" count="0" type="stmt"/>
      <line num="16" count="0" type="stmt"/>
      <line num="17" count="0" type="stmt"/>
      <line num="21" count="1" type="stmt"/>
      <line num="22" count="0" type="stmt"/>
      <line num="23" count="0" type="stmt"/>
      <line num="32" count="1" type="stmt"/>
      <line num="34" count="1" type="stmt"/>
      <line num="35" count="1" type="stmt"/>
      <line num="36" count="1" type="stmt"/>
    </file>
  </project>
</coverage>
