{"D:\\repos\\module 2\\block 5\\homepage\\Capstone-m2-APIs-baseapp-pokemon\\src\\modules\\Array.js": {"path":"D:\\repos\\module 2\\block 5\\homepage\\Capstone-m2-APIs-baseapp-pokemon\\src\\modules\\Array.js","statementMap":{"0":{"start":{"line":1,"column":16},"end":{"line":1,"column":59}}},"fnMap":{},"branchMap":{},"s":{"0":1},"f":{},"b":{},"_coverageSchema":"1a1c01bbd47fc00a2c39e90264f33305004495a9","hash":"e4d6a581bc70ab38b79a0d761b0d6c935c135667"}
,"D:\\repos\\module 2\\block 5\\homepage\\Capstone-m2-APIs-baseapp-pokemon\\src\\modules\\DOMelements.js": {"path":"D:\\repos\\module 2\\block 5\\homepage\\Capstone-m2-APIs-baseapp-pokemon\\src\\modules\\DOMelements.js","statementMap":{"0":{"start":{"line":1,"column":29},"end":{"line":1,"column":70}},"1":{"start":{"line":2,"column":30},"end":{"line":2,"column":67}},"2":{"start":{"line":3,"column":21},"end":{"line":3,"column":55}},"3":{"start":{"line":4,"column":23},"end":{"line":4,"column":57}},"4":{"start":{"line":5,"column":30},"end":{"line":5,"column":71}},"5":{"start":{"line":6,"column":31},"end":{"line":6,"column":68}},"6":{"start":{"line":7,"column":20},"end":{"line":7,"column":51}},"7":{"start":{"line":8,"column":22},"end":{"line":8,"column":55}},"8":{"start":{"line":9,"column":22},"end":{"line":9,"column":55}},"9":{"start":{"line":10,"column":21},"end":{"line":10,"column":53}},"10":{"start":{"line":11,"column":20},"end":{"line":11,"column":59}},"11":{"start":{"line":12,"column":21},"end":{"line":12,"column":57}}},"fnMap":{},"branchMap":{},"s":{"0":1,"1":1,"2":1,"3":1,"4":1,"5":1,"6":1,"7":1,"8":1,"9":1,"10":1,"11":1},"f":{},"b":{},"_coverageSchema":"1a1c01bbd47fc00a2c39e90264f33305004495a9","hash":"77961705f85c5775cb931eb8583a495bc79136e7"}
,"D:\\repos\\module 2\\block 5\\homepage\\Capstone-m2-APIs-baseapp-pokemon\\src\\modules\\PokemonCounter.js": {"path":"D:\\repos\\module 2\\block 5\\homepage\\Capstone-m2-APIs-baseapp-pokemon\\src\\modules\\PokemonCounter.js","statementMap":{"0":{"start":{"line":3,"column":23},"end":{"line":6,"column":1}},"1":{"start":{"line":4,"column":17},"end":{"line":4,"column":58}},"2":{"start":{"line":5,"column":2},"end":{"line":5,"column":23}},"3":{"start":{"line":8,"column":14},"end":{"line":10,"column":1}},"4":{"start":{"line":9,"column":2},"end":{"line":9,"column":39}},"5":{"start":{"line":12,"column":0},"end":{"line":14,"column":8}},"6":{"start":{"line":13,"column":2},"end":{"line":13,"column":10}}},"fnMap":{"0":{"name":"(anonymous_0)","decl":{"start":{"line":3,"column":23},"end":{"line":3,"column":24}},"loc":{"start":{"line":3,"column":29},"end":{"line":6,"column":1}},"line":3},"1":{"name":"(anonymous_1)","decl":{"start":{"line":8,"column":14},"end":{"line":8,"column":15}},"loc":{"start":{"line":8,"column":20},"end":{"line":10,"column":1}},"line":8},"2":{"name":"(anonymous_2)","decl":{"start":{"line":12,"column":11},"end":{"line":12,"column":12}},"loc":{"start":{"line":12,"column":17},"end":{"line":14,"column":1}},"line":12}},"branchMap":{},"s":{"0":1,"1":1,"2":1,"3":1,"4":0,"5":1,"6":0},"f":{"0":1,"1":0,"2":0},"b":{},"_coverageSchema":"1a1c01bbd47fc00a2c39e90264f33305004495a9","hash":"d878ec53ff11aa98ab6e8f8aef4e57af86ac00b7"}
,"D:\\repos\\module 2\\block 5\\homepage\\Capstone-m2-APIs-baseapp-pokemon\\src\\modules\\counter.js": {"path":"D:\\repos\\module 2\\block 5\\homepage\\Capstone-m2-APIs-baseapp-pokemon\\src\\modules\\counter.js","statementMap":{"0":{"start":{"line":6,"column":24},"end":{"line":9,"column":1}},"1":{"start":{"line":7,"column":17},"end":{"line":7,"column":53}},"2":{"start":{"line":8,"column":2},"end":{"line":8,"column":23}}},"fnMap":{"0":{"name":"(anonymous_0)","decl":{"start":{"line":6,"column":24},"end":{"line":6,"column":25}},"loc":{"start":{"line":6,"column":30},"end":{"line":9,"column":1}},"line":6}},"branchMap":{},"s":{"0":1,"1":1,"2":1},"f":{"0":1},"b":{},"_coverageSchema":"1a1c01bbd47fc00a2c39e90264f33305004495a9","hash":"af9d8235fa53a1dbd58367bbbc393862ba62939b"}
}
