{"D:\\repos\\module 2\\block 5\\homepage\\Capstone-m2-APIs-baseapp-pokemon\\src\\modules\\printOnDOM.js": {"path":"D:\\repos\\module 2\\block 5\\homepage\\Capstone-m2-APIs-baseapp-pokemon\\src\\modules\\printOnDOM.js","statementMap":{"0":{"start":{"line":1,"column":18},"end":{"line":1,"column":58}},"1":{"start":{"line":2,"column":18},"end":{"line":2,"column":60}},"2":{"start":{"line":3,"column":21},"end":{"line":3,"column":64}},"3":{"start":{"line":8,"column":18},"end":{"line":11,"column":1}},"4":{"start":{"line":9,"column":2},"end":{"line":9,"column":27}},"5":{"start":{"line":10,"column":2},"end":{"line":10,"column":122}},"6":{"start":{"line":10,"column":44},"end":{"line":10,"column":110}},"7":{"start":{"line":14,"column":24},"end":{"line":18,"column":1}},"8":{"start":{"line":15,"column":2},"end":{"line":15,"column":27}},"9":{"start":{"line":16,"column":2},"end":{"line":16,"column":62}},"10":{"start":{"line":17,"column":2},"end":{"line":17,"column":38}},"11":{"start":{"line":21,"column":25},"end":{"line":29,"column":1}},"12":{"start":{"line":22,"column":2},"end":{"line":22,"column":27}},"13":{"start":{"line":23,"column":2},"end":{"line":28,"column":4}},"14":{"start":{"line":32,"column":25},"end":{"line":37,"column":1}},"15":{"start":{"line":34,"column":16},"end":{"line":34,"column":28}},"16":{"start":{"line":35,"column":2},"end":{"line":35,"column":80}},"17":{"start":{"line":36,"column":2},"end":{"line":36,"column":15}}},"fnMap":{"0":{"name":"(anonymous_0)","decl":{"start":{"line":8,"column":18},"end":{"line":8,"column":19}},"loc":{"start":{"line":8,"column":29},"end":{"line":11,"column":1}},"line":8},"1":{"name":"(anonymous_1)","decl":{"start":{"line":10,"column":34},"end":{"line":10,"column":35}},"loc":{"start":{"line":10,"column":44},"end":{"line":10,"column":110}},"line":10},"2":{"name":"(anonymous_2)","decl":{"start":{"line":14,"column":24},"end":{"line":14,"column":25}},"loc":{"start":{"line":14,"column":30},"end":{"line":18,"column":1}},"line":14},"3":{"name":"(anonymous_3)","decl":{"start":{"line":21,"column":25},"end":{"line":21,"column":26}},"loc":{"start":{"line":21,"column":33},"end":{"line":29,"column":1}},"line":21},"4":{"name":"(anonymous_4)","decl":{"start":{"line":32,"column":25},"end":{"line":32,"column":26}},"loc":{"start":{"line":32,"column":36},"end":{"line":37,"column":1}},"line":32}},"branchMap":{},"s":{"0":1,"1":1,"2":1,"3":1,"4":0,"5":0,"6":0,"7":1,"8":0,"9":0,"10":0,"11":1,"12":0,"13":0,"14":1,"15":1,"16":1,"17":1},"f":{"0":0,"1":0,"2":0,"3":0,"4":1},"b":{},"_coverageSchema":"1a1c01bbd47fc00a2c39e90264f33305004495a9","hash":"d1a2e520e5a5c794ce3e6c7666aab326df599896"}
}
